<?xml version="1.0" encoding="UTF-8"?>
<!-- Generated by org.testng.reporters.JUnitXMLReporter -->
<testsuite ignored="3" hostname="DESKTOP-GLAFMTS" failures="0" tests="3" name="Test" time="14.688" errors="0" timestamp="2024-01-30T16:47:52 IST">
  <testcase classname="com.PracticeProject.SampleTest" name="sample1Test" time="0.019"/>
  <testcase classname="com.PracticeProject.SampleTest" name="sample3Test" time="0.004"/>
  <testcase classname="com.PracticeProject.DisplayTest" name="display1Test" time="0.003"/>
  <testcase classname="com.PracticeProject.DisplayTest" name="display2Test" time="0.0">
    <ignored/>
  </testcase> <!-- display2Test -->
  <testcase classname="com.PracticeProject.DisplayTest" name="display3Test" time="0.0">
    <ignored/>
  </testcase> <!-- display3Test -->
  <testcase classname="com.PracticeProject.SampleTest" name="sample2Test" time="0.0">
    <ignored/>
  </testcase> <!-- sample2Test -->
</testsuite> <!-- Test -->
