<?xml version="1.0" encoding="UTF-8"?>
<!-- Generated by org.testng.reporters.JUnitXMLReporter -->
<testsuite ignored="2" hostname="DESKTOP-GLAFMTS" failures="0" tests="3" name="Test" time="0.164" errors="0" timestamp="2024-01-29T14:59:46 IST">
  <testcase classname="com.PracticeProject.SampleTest" name="sample1Test" time="0.016"/>
  <testcase classname="com.PracticeProject.SampleTest" name="sample3Test" time="0.012"/>
  <testcase classname="com.PracticeProject.DisplayTest" name="display1Test" time="0.008"/>
  <testcase classname="com.PracticeProject.SampleTest" name="sample2Test" time="0.0">
    <ignored/>
  </testcase> <!-- sample2Test -->
  <testcase classname="com.PracticeProject.DisplayTest" name="display2Test" time="0.0">
    <ignored/>
  </testcase> <!-- display2Test -->
</testsuite> <!-- Test -->
